<?xml version="1.0" encoding="UTF-8"?>
<!-- Generated by org.testng.reporters.JUnitReportReporter -->
<testsuite hostname="HP" failures="0" tests="2" name="tests.GiftCardTest" time="40.138" errors="0" timestamp="2025-09-11T20:00:24 IST" skipped="0">
  <testcase classname="tests.GiftCardTest" name="testInvalidGiftVoucher" time="20.095"/>
  <testcase classname="tests.GiftCardTest" name="testGiftCardSection" time="20.043"/>
</testsuite> <!-- tests.GiftCardTest -->
