<?xml version="1.0" encoding="UTF-8"?>
<!-- Generated by org.testng.reporters.JUnitReportReporter -->
<testsuite hostname="HP" failures="0" tests="2" name="tests.GiftCardTest" time="2.033" errors="0" timestamp="2025-08-31T23:13:31 IST" skipped="0">
  <testcase classname="tests.GiftCardTest" name="testCheckGiftCardBalanceIconVisible" time="1.089"/>
  <testcase classname="tests.GiftCardTest" name="testInvalidVoucherShowsErrorMessage" time="0.944"/>
</testsuite> <!-- tests.GiftCardTest -->
