<?xml version="1.0" encoding="UTF-8"?>
<!-- Generated by org.testng.reporters.JUnitReportReporter -->
<testsuite hostname="HP" failures="0" tests="3" name="tests.LoginTest" time="72.506" errors="0" timestamp="2025-09-11T20:00:24 IST" skipped="0">
  <testcase classname="tests.LoginTest" name="testLoginWithValidMobile" time="21.087"/>
  <testcase classname="tests.LoginTest" name="testLoginUIElements" time="20.737"/>
  <testcase classname="tests.LoginTest" name="testLoginWithInvalidMobile" time="30.682"/>
</testsuite> <!-- tests.LoginTest -->
