<?xml version="1.0" encoding="UTF-8"?>
<!-- Generated by org.testng.reporters.JUnitReportReporter -->
<testsuite hostname="HP" failures="0" tests="3" name="tests.LoginTest" time="120.122" errors="0" timestamp="2025-09-05T15:52:34 IST" skipped="0">
  <testcase classname="tests.LoginTest" name="testLoginUIElements" time="21.806"/>
  <testcase classname="tests.LoginTest" name="testLoginWithInvalidMobile" time="69.245"/>
  <testcase classname="tests.LoginTest" name="testLoginWithValidMobile" time="29.071"/>
</testsuite> <!-- tests.LoginTest -->
