<?xml version="1.0" encoding="UTF-8"?>
<!-- Generated by org.testng.reporters.JUnitReportReporter -->
<testsuite hostname="HP" failures="0" tests="4" name="tests.LoginTest" time="6.053" errors="0" timestamp="2025-08-31T23:13:31 IST" skipped="0">
  <testcase classname="tests.LoginTest" name="selectCity" time="3.529"/>
  <testcase classname="tests.LoginTest" name="signIn" time="0.350"/>
  <testcase classname="tests.LoginTest" name="loginWithValidMobileAndOTP" time="1.406"/>
  <testcase classname="tests.LoginTest" name="loginWithInvalidMobile" time="0.768"/>
</testsuite> <!-- tests.LoginTest -->
