<?xml version="1.0" encoding="UTF-8"?>
<!-- Generated by org.testng.reporters.JUnitReportReporter -->
<testsuite hostname="HP" failures="0" tests="2" name="tests.GiftCardTest" time="36.178" errors="0" timestamp="2025-09-05T15:52:34 IST" skipped="0">
  <testcase classname="tests.GiftCardTest" name="testInvalidGiftVoucher" time="18.894"/>
  <testcase classname="tests.GiftCardTest" name="testGiftCardSection" time="17.284"/>
</testsuite> <!-- tests.GiftCardTest -->
