<?xml version="1.0" encoding="UTF-8"?>
<!-- Generated by org.testng.reporters.JUnitReportReporter -->
<testsuite hostname="HP" failures="0" tests="3" name="tests.MovieTest" time="81.185" errors="0" timestamp="2025-09-11T20:00:24 IST" skipped="0">
  <testcase classname="tests.MovieTest" name="testUpcomingAndNowShowing" time="23.750"/>
  <testcase classname="tests.MovieTest" name="testSelectRunningMovie" time="24.350"/>
  <testcase classname="tests.MovieTest" name="testTopMenuNavigate" time="33.085"/>
</testsuite> <!-- tests.MovieTest -->
