<?xml version="1.0" encoding="UTF-8"?>
<!-- Generated by org.testng.reporters.JUnitReportReporter -->
<testsuite hostname="HP" failures="0" tests="4" name="tests.CityTest" time="54.485" errors="0" timestamp="2025-09-05T15:52:34 IST" skipped="0">
  <testcase classname="tests.CityTest" name="testChangeLocation" time="19.090"/>
  <testcase classname="tests.CityTest" name="testViewAllCities" time="5.871"/>
  <testcase classname="tests.CityTest" name="testSelectCityByIcon" time="6.063"/>
  <testcase classname="tests.CityTest" name="testSearchAndSelectCity" time="23.461"/>
</testsuite> <!-- tests.CityTest -->
