<?xml version="1.0" encoding="UTF-8"?>
<!-- Generated by org.testng.reporters.JUnitReportReporter -->
<testsuite hostname="HP" failures="0" tests="4" name="tests.CityTest" time="65.900" errors="0" timestamp="2025-09-11T20:00:24 IST" skipped="0">
  <testcase classname="tests.CityTest" name="testSearchAndSelectCity" time="19.981"/>
  <testcase classname="tests.CityTest" name="testSelectCityByIcon" time="12.963"/>
  <testcase classname="tests.CityTest" name="testViewAllCities" time="9.916"/>
  <testcase classname="tests.CityTest" name="testChangeLocation" time="23.040"/>
</testsuite> <!-- tests.CityTest -->
