<?xml version="1.0" encoding="UTF-8"?>
<!-- Generated by org.testng.reporters.JUnitReportReporter -->
<testsuite hostname="HP" failures="0" tests="3" name="tests.MovieTest" time="74.434" errors="0" timestamp="2025-09-05T15:52:34 IST" skipped="0">
  <testcase classname="tests.MovieTest" name="testUpcomingAndNowShowing" time="20.900"/>
  <testcase classname="tests.MovieTest" name="testTopMenuNavigation" time="33.837"/>
  <testcase classname="tests.MovieTest" name="testMovie8SelectRunningMovie" time="19.697"/>
</testsuite> <!-- tests.MovieTest -->
